# JRE version: Java(TM) SE Runtime Environment (8.0_60-b27) (build 1.8.0_60-b27)
# Java VM: Java HotSpot(TM) 64-Bit Server VM (25.60-b23 mixed mode windows-amd64 compressed oops)
Heap:
 PSYoungGen      total 144896K, used 108742K [0x00000000d5f00000, 0x00000000dfc00000, 0x0000000100000000)
  eden space 129536K, 83% used [0x00000000d5f00000,0x00000000dc8df378,0x00000000ddd80000)
  from space 15360K, 2% used [0x00000000dec80000,0x00000000decd2600,0x00000000dfb80000)
  to   space 15360K, 0% used [0x00000000ddd80000,0x00000000ddd80000,0x00000000dec80000)
 ParOldGen       total 62464K, used 19485K [0x0000000081c00000, 0x0000000085900000, 0x00000000d5f00000)
  object space 62464K, 31% used [0x0000000081c00000,0x0000000082f076e0,0x0000000085900000)
 Metaspace       used 25196K, capacity 26462K, committed 26752K, reserved 1073152K
  class space    used 3411K, capacity 3685K, committed 3712K, reserved 1048576K
GC Heap History (10 events):
Event: 24.012 GC heap before
{Heap before GC invocations=5 (full 1):
 PSYoungGen      total 38400K, used 33265K [0x00000000d5f00000, 0x00000000d8980000, 0x0000000100000000)
  eden space 33280K, 99% used [0x00000000d5f00000,0x00000000d7f7c560,0x00000000d7f80000)
  from space 5120K, 0% used [0x00000000d7f80000,0x00000000d7f80000,0x00000000d8480000)
  to   space 5120K, 0% used [0x00000000d8480000,0x00000000d8480000,0x00000000d8980000)
 ParOldGen       total 62464K, used 16337K [0x0000000081c00000, 0x0000000085900000, 0x00000000d5f00000)
  object space 62464K, 26% used [0x0000000081c00000,0x0000000082bf4560,0x0000000085900000)
 Metaspace       used 24437K, capacity 25720K, committed 25984K, reserved 1071104K
  class space    used 3354K, capacity 3612K, committed 3712K, reserved 1048576K
Event: 24.019 GC heap after
Heap after GC invocations=5 (full 1):
 PSYoungGen      total 38400K, used 4722K [0x00000000d5f00000, 0x00000000d8980000, 0x0000000100000000)
  eden space 33280K, 0% used [0x00000000d5f00000,0x00000000d5f00000,0x00000000d7f80000)
  from space 5120K, 92% used [0x00000000d8480000,0x00000000d891c9f0,0x00000000d8980000)
  to   space 5120K, 0% used [0x00000000d7f80000,0x00000000d7f80000,0x00000000d8480000)
 ParOldGen       total 62464K, used 16345K [0x0000000081c00000, 0x0000000085900000, 0x00000000d5f00000)
  object space 62464K, 26% used [0x0000000081c00000,0x0000000082bf6560,0x0000000085900000)
 Metaspace       used 24437K, capacity 25720K, committed 25984K, reserved 1071104K
  class space    used 3354K, capacity 3612K, committed 3712K, reserved 1048576K
}
Event: 24.035 GC heap before
{Heap before GC invocations=6 (full 1):
 PSYoungGen      total 38400K, used 37949K [0x00000000d5f00000, 0x00000000d8980000, 0x0000000100000000)
  eden space 33280K, 99% used [0x00000000d5f00000,0x00000000d7f72b38,0x00000000d7f80000)
  from space 5120K, 92% used [0x00000000d8480000,0x00000000d891c9f0,0x00000000d8980000)
  to   space 5120K, 0% used [0x00000000d7f80000,0x00000000d7f80000,0x00000000d8480000)
 ParOldGen       total 62464K, used 16345K [0x0000000081c00000, 0x0000000085900000, 0x00000000d5f00000)
  object space 62464K, 26% used [0x0000000081c00000,0x0000000082bf6560,0x0000000085900000)
 Metaspace       used 24439K, capacity 25720K, committed 25984K, reserved 1071104K
  class space    used 3354K, capacity 3612K, committed 3712K, reserved 1048576K
Event: 24.039 GC heap after
Heap after GC invocations=6 (full 1):
 PSYoungGen      total 38400K, used 3419K [0x00000000d5f00000, 0x00000000dbe80000, 0x0000000100000000)
  eden space 33280K, 0% used [0x00000000d5f00000,0x00000000d5f00000,0x00000000d7f80000)
  from space 5120K, 66% used [0x00000000d7f80000,0x00000000d82d6eb8,0x00000000d8480000)
  to   space 16384K, 0% used [0x00000000dae80000,0x00000000dae80000,0x00000000dbe80000)
 ParOldGen       total 62464K, used 16353K [0x0000000081c00000, 0x0000000085900000, 0x00000000d5f00000)
  object space 62464K, 26% used [0x0000000081c00000,0x0000000082bf8560,0x0000000085900000)
 Metaspace       used 24439K, capacity 25720K, committed 25984K, reserved 1071104K
  class space    used 3354K, capacity 3612K, committed 3712K, reserved 1048576K
}
Event: 24.052 GC heap before
{Heap before GC invocations=7 (full 1):
 PSYoungGen      total 38400K, used 36642K [0x00000000d5f00000, 0x00000000dbe80000, 0x0000000100000000)
  eden space 33280K, 99% used [0x00000000d5f00000,0x00000000d7f719d8,0x00000000d7f80000)
  from space 5120K, 66% used [0x00000000d7f80000,0x00000000d82d6eb8,0x00000000d8480000)
  to   space 16384K, 0% used [0x00000000dae80000,0x00000000dae80000,0x00000000dbe80000)
 ParOldGen       total 62464K, used 16353K [0x0000000081c00000, 0x0000000085900000, 0x00000000d5f00000)
  object space 62464K, 26% used [0x0000000081c00000,0x0000000082bf8560,0x0000000085900000)
 Metaspace       used 24440K, capacity 25720K, committed 25984K, reserved 1071104K
  class space    used 3354K, capacity 3612K, committed 3712K, reserved 1048576K
Event: 24.056 GC heap after
Heap after GC invocations=7 (full 1):
 PSYoungGen      total 81920K, used 3495K [0x00000000d5f00000, 0x00000000dbe80000, 0x0000000100000000)
  eden space 65536K, 0% used [0x00000000d5f00000,0x00000000d5f00000,0x00000000d9f00000)
  from space 16384K, 21% used [0x00000000dae80000,0x00000000db1e9fc8,0x00000000dbe80000)
  to   space 15872K, 0% used [0x00000000d9f00000,0x00000000d9f00000,0x00000000dae80000)
 ParOldGen       total 62464K, used 16361K [0x0000000081c00000, 0x0000000085900000, 0x00000000d5f00000)
  object space 62464K, 26% used [0x0000000081c00000,0x0000000082bfa560,0x0000000085900000)
 Metaspace       used 24440K, capacity 25720K, committed 25984K, reserved 1071104K
  class space    used 3354K, capacity 3612K, committed 3712K, reserved 1048576K
}
Event: 24.089 GC heap before
{Heap before GC invocations=8 (full 1):
 PSYoungGen      total 81920K, used 68929K [0x00000000d5f00000, 0x00000000dbe80000, 0x0000000100000000)
  eden space 65536K, 99% used [0x00000000d5f00000,0x00000000d9ee64a8,0x00000000d9f00000)
  from space 16384K, 21% used [0x00000000dae80000,0x00000000db1e9fc8,0x00000000dbe80000)
  to   space 15872K, 0% used [0x00000000d9f00000,0x00000000d9f00000,0x00000000dae80000)
 ParOldGen       total 62464K, used 16361K [0x0000000081c00000, 0x0000000085900000, 0x00000000d5f00000)
  object space 62464K, 26% used [0x0000000081c00000,0x0000000082bfa560,0x0000000085900000)
 Metaspace       used 24446K, capacity 25720K, committed 25984K, reserved 1071104K
  class space    used 3354K, capacity 3612K, committed 3712K, reserved 1048576K
Event: 24.093 GC heap after
Heap after GC invocations=8 (full 1):
 PSYoungGen      total 81408K, used 3432K [0x00000000d5f00000, 0x00000000dfb80000, 0x0000000100000000)
  eden space 65536K, 0% used [0x00000000d5f00000,0x00000000d5f00000,0x00000000d9f00000)
  from space 15872K, 21% used [0x00000000d9f00000,0x00000000da25a220,0x00000000dae80000)
  to   space 15360K, 0% used [0x00000000dec80000,0x00000000dec80000,0x00000000dfb80000)
 ParOldGen       total 62464K, used 16369K [0x0000000081c00000, 0x0000000085900000, 0x00000000d5f00000)
  object space 62464K, 26% used [0x0000000081c00000,0x0000000082bfc560,0x0000000085900000)
 Metaspace       used 24446K, capacity 25720K, committed 25984K, reserved 1071104K
  class space    used 3354K, capacity 3612K, committed 3712K, reserved 1048576K
}
Event: 24.113 GC heap before
{Heap before GC invocations=9 (full 1):
 PSYoungGen      total 81408K, used 68880K [0x00000000d5f00000, 0x00000000dfb80000, 0x0000000100000000)
  eden space 65536K, 99% used [0x00000000d5f00000,0x00000000d9eea048,0x00000000d9f00000)
  from space 15872K, 21% used [0x00000000d9f00000,0x00000000da25a220,0x00000000dae80000)
  to   space 15360K, 0% used [0x00000000dec80000,0x00000000dec80000,0x00000000dfb80000)
 ParOldGen       total 62464K, used 16369K [0x0000000081c00000, 0x0000000085900000, 0x00000000d5f00000)
  object space 62464K, 26% used [0x0000000081c00000,0x0000000082bfc560,0x0000000085900000)
 Metaspace       used 24446K, capacity 25720K, committed 25984K, reserved 1071104K
  class space    used 3354K, capacity 3612K, committed 3712K, reserved 1048576K
Event: 24.119 GC heap after
Heap after GC invocations=9 (full 1):
 PSYoungGen      total 144896K, used 329K [0x00000000d5f00000, 0x00000000dfc00000, 0x0000000100000000)
  eden space 129536K, 0% used [0x00000000d5f00000,0x00000000d5f00000,0x00000000ddd80000)
  from space 15360K, 2% used [0x00000000dec80000,0x00000000decd2600,0x00000000dfb80000)
  to   space 15360K, 0% used [0x00000000ddd80000,0x00000000ddd80000,0x00000000dec80000)
 ParOldGen       total 62464K, used 19485K [0x0000000081c00000, 0x0000000085900000, 0x00000000d5f00000)
  object space 62464K, 31% used [0x0000000081c00000,0x0000000082f076e0,0x0000000085900000)
 Metaspace       used 24446K, capacity 25720K, committed 25984K, reserved 1071104K
  class space    used 3354K, capacity 3612K, committed 3712K, reserved 1048576K
}

